

Started GET "/" for 127.0.0.1 at 2014-11-17 10:59:30 -0700

ActiveRecord::NoDatabaseError (FATAL:  database "dinner_dash_development" does not exist
Run `$ bin/rake db:create db:migrate` to create your database):
  activerecord (4.1.7) lib/active_record/connection_adapters/postgresql_adapter.rb:898:in `rescue in connect'
  activerecord (4.1.7) lib/active_record/connection_adapters/postgresql_adapter.rb:888:in `connect'
  activerecord (4.1.7) lib/active_record/connection_adapters/postgresql_adapter.rb:568:in `initialize'
  activerecord (4.1.7) lib/active_record/connection_adapters/postgresql_adapter.rb:41:in `new'
  activerecord (4.1.7) lib/active_record/connection_adapters/postgresql_adapter.rb:41:in `postgresql_connection'
  activerecord (4.1.7) lib/active_record/connection_adapters/abstract/connection_pool.rb:435:in `new_connection'
  activerecord (4.1.7) lib/active_record/connection_adapters/abstract/connection_pool.rb:445:in `checkout_new_connection'
  activerecord (4.1.7) lib/active_record/connection_adapters/abstract/connection_pool.rb:416:in `acquire_connection'
  activerecord (4.1.7) lib/active_record/connection_adapters/abstract/connection_pool.rb:351:in `block in checkout'
  /Users/adamsmith/.rvm/rubies/ruby-2.1.2/lib/ruby/2.1.0/monitor.rb:211:in `mon_synchronize'
  activerecord (4.1.7) lib/active_record/connection_adapters/abstract/connection_pool.rb:350:in `checkout'
  activerecord (4.1.7) lib/active_record/connection_adapters/abstract/connection_pool.rb:265:in `block in connection'
  /Users/adamsmith/.rvm/rubies/ruby-2.1.2/lib/ruby/2.1.0/monitor.rb:211:in `mon_synchronize'
  activerecord (4.1.7) lib/active_record/connection_adapters/abstract/connection_pool.rb:264:in `connection'
  activerecord (4.1.7) lib/active_record/connection_adapters/abstract/connection_pool.rb:541:in `retrieve_connection'
  activerecord (4.1.7) lib/active_record/connection_handling.rb:113:in `retrieve_connection'
  activerecord (4.1.7) lib/active_record/connection_handling.rb:87:in `connection'
  activerecord (4.1.7) lib/active_record/query_cache.rb:51:in `restore_query_cache_settings'
  activerecord (4.1.7) lib/active_record/query_cache.rb:43:in `rescue in call'
  activerecord (4.1.7) lib/active_record/query_cache.rb:32:in `call'
  activerecord (4.1.7) lib/active_record/connection_adapters/abstract/connection_pool.rb:621:in `call'
  activerecord (4.1.7) lib/active_record/migration.rb:380:in `call'
  actionpack (4.1.7) lib/action_dispatch/middleware/callbacks.rb:29:in `block in call'
  activesupport (4.1.7) lib/active_support/callbacks.rb:82:in `run_callbacks'
  actionpack (4.1.7) lib/action_dispatch/middleware/callbacks.rb:27:in `call'
  actionpack (4.1.7) lib/action_dispatch/middleware/reloader.rb:73:in `call'
  actionpack (4.1.7) lib/action_dispatch/middleware/remote_ip.rb:76:in `call'
  actionpack (4.1.7) lib/action_dispatch/middleware/debug_exceptions.rb:17:in `call'
  actionpack (4.1.7) lib/action_dispatch/middleware/show_exceptions.rb:30:in `call'
  railties (4.1.7) lib/rails/rack/logger.rb:38:in `call_app'
  railties (4.1.7) lib/rails/rack/logger.rb:20:in `block in call'
  activesupport (4.1.7) lib/active_support/tagged_logging.rb:68:in `block in tagged'
  activesupport (4.1.7) lib/active_support/tagged_logging.rb:26:in `tagged'
  activesupport (4.1.7) lib/active_support/tagged_logging.rb:68:in `tagged'
  railties (4.1.7) lib/rails/rack/logger.rb:20:in `call'
  actionpack (4.1.7) lib/action_dispatch/middleware/request_id.rb:21:in `call'
  rack (1.5.2) lib/rack/methodoverride.rb:21:in `call'
  rack (1.5.2) lib/rack/runtime.rb:17:in `call'
  activesupport (4.1.7) lib/active_support/cache/strategy/local_cache_middleware.rb:26:in `call'
  rack (1.5.2) lib/rack/lock.rb:17:in `call'
  actionpack (4.1.7) lib/action_dispatch/middleware/static.rb:84:in `call'
  rack (1.5.2) lib/rack/sendfile.rb:112:in `call'
  railties (4.1.7) lib/rails/engine.rb:514:in `call'
  railties (4.1.7) lib/rails/application.rb:144:in `call'
  rack (1.5.2) lib/rack/lint.rb:49:in `_call'
  rack (1.5.2) lib/rack/lint.rb:37:in `call'
  rack (1.5.2) lib/rack/showexceptions.rb:24:in `call'
  rack (1.5.2) lib/rack/commonlogger.rb:33:in `call'
  rack (1.5.2) lib/rack/chunked.rb:43:in `call'
  rack (1.5.2) lib/rack/content_length.rb:14:in `call'
  unicorn (4.8.3) lib/unicorn/http_server.rb:576:in `process_client'
  unicorn (4.8.3) lib/unicorn/http_server.rb:670:in `worker_loop'
  unicorn (4.8.3) lib/unicorn/http_server.rb:525:in `spawn_missing_workers'
  unicorn (4.8.3) lib/unicorn/http_server.rb:140:in `start'
  unicorn (4.8.3) bin/unicorn:126:in `<top (required)>'
  /Users/adamsmith/.rvm/gems/ruby-2.1.2/bin/unicorn:23:in `load'
  /Users/adamsmith/.rvm/gems/ruby-2.1.2/bin/unicorn:23:in `<main>'
  /Users/adamsmith/.rvm/gems/ruby-2.1.2/bin/ruby_executable_hooks:15:in `eval'
  /Users/adamsmith/.rvm/gems/ruby-2.1.2/bin/ruby_executable_hooks:15:in `<main>'


  Rendered /Users/adamsmith/.rvm/gems/ruby-2.1.2/gems/actionpack-4.1.7/lib/action_dispatch/middleware/templates/rescues/_source.erb (0.6ms)
  Rendered /Users/adamsmith/.rvm/gems/ruby-2.1.2/gems/actionpack-4.1.7/lib/action_dispatch/middleware/templates/rescues/_trace.html.erb (1.3ms)
  Rendered /Users/adamsmith/.rvm/gems/ruby-2.1.2/gems/actionpack-4.1.7/lib/action_dispatch/middleware/templates/rescues/_request_and_response.html.erb (0.8ms)
  Rendered /Users/adamsmith/.rvm/gems/ruby-2.1.2/gems/actionpack-4.1.7/lib/action_dispatch/middleware/templates/rescues/diagnostics.erb within rescues/layout (21.2ms)


Started GET "/" for 127.0.0.1 at 2014-11-17 11:01:11 -0700
Processing by Rails::WelcomeController#index as HTML
  Rendered /Users/adamsmith/.rvm/gems/ruby-2.1.2/gems/railties-4.1.7/lib/rails/templates/rails/welcome/index.html.erb (1.4ms)
Completed 200 OK in 24ms (Views: 6.5ms | ActiveRecord: 0.0ms)


Started GET "/" for 127.0.0.1 at 2014-11-18 00:14:22 -0700

ActiveRecord::PendingMigrationError (

Migrations are pending. To resolve this issue, run:

	bin/rake db:migrate RAILS_ENV=development

):
  activerecord (4.1.7) lib/active_record/migration.rb:389:in `check_pending!'
  activerecord (4.1.7) lib/active_record/migration.rb:377:in `call'
  actionpack (4.1.7) lib/action_dispatch/middleware/callbacks.rb:29:in `block in call'
  activesupport (4.1.7) lib/active_support/callbacks.rb:82:in `run_callbacks'
  actionpack (4.1.7) lib/action_dispatch/middleware/callbacks.rb:27:in `call'
  actionpack (4.1.7) lib/action_dispatch/middleware/reloader.rb:73:in `call'
  actionpack (4.1.7) lib/action_dispatch/middleware/remote_ip.rb:76:in `call'
  actionpack (4.1.7) lib/action_dispatch/middleware/debug_exceptions.rb:17:in `call'
  actionpack (4.1.7) lib/action_dispatch/middleware/show_exceptions.rb:30:in `call'
  railties (4.1.7) lib/rails/rack/logger.rb:38:in `call_app'
  railties (4.1.7) lib/rails/rack/logger.rb:20:in `block in call'
  activesupport (4.1.7) lib/active_support/tagged_logging.rb:68:in `block in tagged'
  activesupport (4.1.7) lib/active_support/tagged_logging.rb:26:in `tagged'
  activesupport (4.1.7) lib/active_support/tagged_logging.rb:68:in `tagged'
  railties (4.1.7) lib/rails/rack/logger.rb:20:in `call'
  actionpack (4.1.7) lib/action_dispatch/middleware/request_id.rb:21:in `call'
  rack (1.5.2) lib/rack/methodoverride.rb:21:in `call'
  rack (1.5.2) lib/rack/runtime.rb:17:in `call'
  activesupport (4.1.7) lib/active_support/cache/strategy/local_cache_middleware.rb:26:in `call'
  rack (1.5.2) lib/rack/lock.rb:17:in `call'
  actionpack (4.1.7) lib/action_dispatch/middleware/static.rb:84:in `call'
  rack (1.5.2) lib/rack/sendfile.rb:112:in `call'
  railties (4.1.7) lib/rails/engine.rb:514:in `call'
  railties (4.1.7) lib/rails/application.rb:144:in `call'
  rack (1.5.2) lib/rack/lint.rb:49:in `_call'
  rack (1.5.2) lib/rack/lint.rb:37:in `call'
  rack (1.5.2) lib/rack/showexceptions.rb:24:in `call'
  rack (1.5.2) lib/rack/commonlogger.rb:33:in `call'
  rack (1.5.2) lib/rack/chunked.rb:43:in `call'
  rack (1.5.2) lib/rack/content_length.rb:14:in `call'
  unicorn (4.8.3) lib/unicorn/http_server.rb:576:in `process_client'
  unicorn (4.8.3) lib/unicorn/http_server.rb:670:in `worker_loop'
  unicorn (4.8.3) lib/unicorn/http_server.rb:525:in `spawn_missing_workers'
  unicorn (4.8.3) lib/unicorn/http_server.rb:140:in `start'
  unicorn (4.8.3) bin/unicorn:126:in `<top (required)>'
  /Users/adamsmith/.rvm/gems/ruby-2.1.2/bin/unicorn:23:in `load'
  /Users/adamsmith/.rvm/gems/ruby-2.1.2/bin/unicorn:23:in `<main>'
  /Users/adamsmith/.rvm/gems/ruby-2.1.2/bin/ruby_executable_hooks:15:in `eval'
  /Users/adamsmith/.rvm/gems/ruby-2.1.2/bin/ruby_executable_hooks:15:in `<main>'


  Rendered /Users/adamsmith/.rvm/gems/ruby-2.1.2/gems/actionpack-4.1.7/lib/action_dispatch/middleware/templates/rescues/_source.erb (0.7ms)
  Rendered /Users/adamsmith/.rvm/gems/ruby-2.1.2/gems/actionpack-4.1.7/lib/action_dispatch/middleware/templates/rescues/_trace.html.erb (1.4ms)
  Rendered /Users/adamsmith/.rvm/gems/ruby-2.1.2/gems/actionpack-4.1.7/lib/action_dispatch/middleware/templates/rescues/_request_and_response.html.erb (0.9ms)
  Rendered /Users/adamsmith/.rvm/gems/ruby-2.1.2/gems/actionpack-4.1.7/lib/action_dispatch/middleware/templates/rescues/diagnostics.erb within rescues/layout (22.8ms)
  [1m[36m (99.7ms)[0m  [1mCREATE TABLE "schema_migrations" ("version" character varying(255) NOT NULL) [0m
  [1m[35m (56.1ms)[0m  CREATE UNIQUE INDEX  "unique_schema_migrations" ON "schema_migrations"  ("version")
  [1m[36mActiveRecord::SchemaMigration Load (0.8ms)[0m  [1mSELECT "schema_migrations".* FROM "schema_migrations"[0m
Migrating to CreateAddresses (20141117185925)
  [1m[35m (0.4ms)[0m  BEGIN
  [1m[36m (50.1ms)[0m  [1mCREATE TABLE "addresses" ("id" serial primary key, "street_name" character varying(255), "street_number" character varying(255), "city" character varying(255), "state" character varying(255), "zip_code" character varying(255), "order_id" integer, "created_at" timestamp, "updated_at" timestamp) [0m
  [1m[35mSQL (0.7ms)[0m  INSERT INTO "schema_migrations" ("version") VALUES ($1)  [["version", "20141117185925"]]
  [1m[36m (0.8ms)[0m  [1mCOMMIT[0m
  [1m[35mActiveRecord::SchemaMigration Load (0.5ms)[0m  SELECT "schema_migrations".* FROM "schema_migrations"


Started GET "/" for 127.0.0.1 at 2014-11-18 00:14:43 -0700
  [1m[36mActiveRecord::SchemaMigration Load (0.6ms)[0m  [1mSELECT "schema_migrations".* FROM "schema_migrations"[0m
Processing by Rails::WelcomeController#index as HTML
  Rendered /Users/adamsmith/.rvm/gems/ruby-2.1.2/gems/railties-4.1.7/lib/rails/templates/rails/welcome/index.html.erb (2.0ms)
Completed 200 OK in 41ms (Views: 15.0ms | ActiveRecord: 0.0ms)
  [1m[36mActiveRecord::SchemaMigration Load (0.5ms)[0m  [1mSELECT "schema_migrations".* FROM "schema_migrations"[0m
Migrating to CreateUsers (20141118020250)
  [1m[35m (0.5ms)[0m  BEGIN
  [1m[36m (13.0ms)[0m  [1mCREATE TABLE "users" ("id" serial primary key, "name" character varying(255), "email" character varying(255), "password_digest" character varying(255), "display_name" character varying(255), "admin" boolean DEFAULT 'f', "created_at" timestamp, "updated_at" timestamp) [0m
  [1m[35mSQL (0.3ms)[0m  INSERT INTO "schema_migrations" ("version") VALUES ($1)  [["version", "20141118020250"]]
  [1m[36m (1.4ms)[0m  [1mCOMMIT[0m
  [1m[35mActiveRecord::SchemaMigration Load (0.3ms)[0m  SELECT "schema_migrations".* FROM "schema_migrations"


Started GET "/" for 127.0.0.1 at 2014-11-19 03:57:29 -0700
  [1m[36mActiveRecord::SchemaMigration Load (0.5ms)[0m  [1mSELECT "schema_migrations".* FROM "schema_migrations"[0m
Processing by Rails::WelcomeController#index as HTML
  Rendered /Users/adamsmith/.rvm/gems/ruby-2.1.2/gems/railties-4.1.7/lib/rails/templates/rails/welcome/index.html.erb (10.2ms)
Completed 200 OK in 51ms (Views: 34.7ms | ActiveRecord: 0.0ms)


Started GET "/" for 127.0.0.1 at 2014-11-19 03:57:29 -0700
Processing by Rails::WelcomeController#index as HTML
  Rendered /Users/adamsmith/.rvm/gems/ruby-2.1.2/gems/railties-4.1.7/lib/rails/templates/rails/welcome/index.html.erb (0.0ms)
Completed 200 OK in 1ms (Views: 0.8ms | ActiveRecord: 0.0ms)


Started GET "/index" for 127.0.0.1 at 2014-11-19 03:57:37 -0700

ActionController::RoutingError (No route matches [GET] "/index"):
  actionpack (4.1.7) lib/action_dispatch/middleware/debug_exceptions.rb:21:in `call'
  actionpack (4.1.7) lib/action_dispatch/middleware/show_exceptions.rb:30:in `call'
  railties (4.1.7) lib/rails/rack/logger.rb:38:in `call_app'
  railties (4.1.7) lib/rails/rack/logger.rb:20:in `block in call'
  activesupport (4.1.7) lib/active_support/tagged_logging.rb:68:in `block in tagged'
  activesupport (4.1.7) lib/active_support/tagged_logging.rb:26:in `tagged'
  activesupport (4.1.7) lib/active_support/tagged_logging.rb:68:in `tagged'
  railties (4.1.7) lib/rails/rack/logger.rb:20:in `call'
  actionpack (4.1.7) lib/action_dispatch/middleware/request_id.rb:21:in `call'
  rack (1.5.2) lib/rack/methodoverride.rb:21:in `call'
  rack (1.5.2) lib/rack/runtime.rb:17:in `call'
  activesupport (4.1.7) lib/active_support/cache/strategy/local_cache_middleware.rb:26:in `call'
  rack (1.5.2) lib/rack/lock.rb:17:in `call'
  actionpack (4.1.7) lib/action_dispatch/middleware/static.rb:84:in `call'
  rack (1.5.2) lib/rack/sendfile.rb:112:in `call'
  railties (4.1.7) lib/rails/engine.rb:514:in `call'
  railties (4.1.7) lib/rails/application.rb:144:in `call'
  rack (1.5.2) lib/rack/lint.rb:49:in `_call'
  rack (1.5.2) lib/rack/lint.rb:37:in `call'
  rack (1.5.2) lib/rack/showexceptions.rb:24:in `call'
  rack (1.5.2) lib/rack/commonlogger.rb:33:in `call'
  rack (1.5.2) lib/rack/chunked.rb:43:in `call'
  rack (1.5.2) lib/rack/content_length.rb:14:in `call'
  unicorn (4.8.3) lib/unicorn/http_server.rb:576:in `process_client'
  unicorn (4.8.3) lib/unicorn/http_server.rb:670:in `worker_loop'
  unicorn (4.8.3) lib/unicorn/http_server.rb:525:in `spawn_missing_workers'
  unicorn (4.8.3) lib/unicorn/http_server.rb:140:in `start'
  unicorn (4.8.3) bin/unicorn:126:in `<top (required)>'
  /Users/adamsmith/.rvm/gems/ruby-2.1.2/bin/unicorn:23:in `load'
  /Users/adamsmith/.rvm/gems/ruby-2.1.2/bin/unicorn:23:in `<main>'
  /Users/adamsmith/.rvm/gems/ruby-2.1.2/bin/ruby_executable_hooks:15:in `eval'
  /Users/adamsmith/.rvm/gems/ruby-2.1.2/bin/ruby_executable_hooks:15:in `<main>'


  Rendered /Users/adamsmith/.rvm/gems/ruby-2.1.2/gems/actionpack-4.1.7/lib/action_dispatch/middleware/templates/rescues/_trace.html.erb (0.9ms)
  Rendered /Users/adamsmith/.rvm/gems/ruby-2.1.2/gems/actionpack-4.1.7/lib/action_dispatch/middleware/templates/routes/_route.html.erb (1.1ms)
  Rendered /Users/adamsmith/.rvm/gems/ruby-2.1.2/gems/actionpack-4.1.7/lib/action_dispatch/middleware/templates/routes/_table.html.erb (22.1ms)
  Rendered /Users/adamsmith/.rvm/gems/ruby-2.1.2/gems/actionpack-4.1.7/lib/action_dispatch/middleware/templates/rescues/routing_error.html.erb within rescues/layout (54.1ms)
  [1m[36mActiveRecord::SchemaMigration Load (0.6ms)[0m  [1mSELECT "schema_migrations".* FROM "schema_migrations"[0m
  [1m[35mActiveRecord::SchemaMigration Load (0.4ms)[0m  SELECT "schema_migrations".* FROM "schema_migrations"
  [1m[36mActiveRecord::SchemaMigration Load (0.7ms)[0m  [1mSELECT "schema_migrations".* FROM "schema_migrations"[0m
Migrating to CreateItems (20141117185842)
  [1m[35m (0.2ms)[0m  BEGIN
  [1m[36m (4.4ms)[0m  [1mCREATE TABLE "items" ("id" serial primary key, "title" character varying(255), "description" character varying(255), "price" decimal, "created_at" timestamp, "updated_at" timestamp) [0m
  [1m[35mSQL (0.4ms)[0m  INSERT INTO "schema_migrations" ("version") VALUES ($1)  [["version", "20141117185842"]]
  [1m[36m (354.7ms)[0m  [1mCOMMIT[0m
Migrating to CreateCategories (20141118204530)
  [1m[35m (0.6ms)[0m  BEGIN
  [1m[36m (2.3ms)[0m  [1mCREATE TABLE "categories" ("id" serial primary key, "name" character varying(255), "created_at" timestamp, "updated_at" timestamp) [0m
  [1m[35mSQL (0.3ms)[0m  INSERT INTO "schema_migrations" ("version") VALUES ($1)  [["version", "20141118204530"]]
  [1m[36m (0.6ms)[0m  [1mCOMMIT[0m
Migrating to CreateCategoryItemsJoinTable (20141118204826)
  [1m[35m (0.3ms)[0m  BEGIN
  [1m[36m (0.7ms)[0m  [1mCREATE TABLE "categories_items" ("category_id" integer NOT NULL, "item_id" integer NOT NULL) [0m
  [1m[35m (1.0ms)[0m  CREATE  INDEX  "index_categories_items_on_category_id_and_item_id" ON "categories_items"  ("category_id", "item_id")
  [1m[36m (0.8ms)[0m  [1mCREATE  INDEX  "index_categories_items_on_item_id_and_category_id" ON "categories_items"  ("item_id", "category_id")[0m
  [1m[35mSQL (0.2ms)[0m  INSERT INTO "schema_migrations" ("version") VALUES ($1)  [["version", "20141118204826"]]
  [1m[36m (0.5ms)[0m  [1mCOMMIT[0m
Migrating to AddAttachmentPhotoToItems (20141118221218)
  [1m[35m (0.4ms)[0m  BEGIN
  [1m[36m (0.4ms)[0m  [1mALTER TABLE "items" ADD COLUMN "photo_file_name" character varying(255)[0m
  [1m[35m (0.2ms)[0m  ALTER TABLE "items" ADD COLUMN "photo_content_type" character varying(255)
  [1m[36m (0.3ms)[0m  [1mALTER TABLE "items" ADD COLUMN "photo_file_size" integer[0m
  [1m[35m (0.2ms)[0m  ALTER TABLE "items" ADD COLUMN "photo_updated_at" timestamp
  [1m[36mSQL (0.2ms)[0m  [1mINSERT INTO "schema_migrations" ("version") VALUES ($1)[0m  [["version", "20141118221218"]]
  [1m[35m (1.0ms)[0m  COMMIT
  [1m[36mActiveRecord::SchemaMigration Load (0.3ms)[0m  [1mSELECT "schema_migrations".* FROM "schema_migrations"[0m


Started GET "/" for 127.0.0.1 at 2014-11-19 11:41:37 -0700
  [1m[36mActiveRecord::SchemaMigration Load (0.7ms)[0m  [1mSELECT "schema_migrations".* FROM "schema_migrations"[0m
Processing by UsersController#index as HTML
  [1m[35mUser Load (10.6ms)[0m  SELECT "users".* FROM "users"
  Rendered users/index.html.erb within layouts/application (12.2ms)
  Rendered layouts/_notices.html.erb (0.7ms)
Completed 200 OK in 499ms (Views: 478.3ms | ActiveRecord: 10.6ms)


Started GET "/assets/address.css?body=1" for 127.0.0.1 at 2014-11-19 11:41:38 -0700


Started GET "/assets/application.css?body=1" for 127.0.0.1 at 2014-11-19 11:41:38 -0700


Started GET "/assets/jquery.js?body=1" for 127.0.0.1 at 2014-11-19 11:41:38 -0700


Started GET "/assets/jquery_ujs.js?body=1" for 127.0.0.1 at 2014-11-19 11:41:38 -0700


Started GET "/assets/turbolinks.js?body=1" for 127.0.0.1 at 2014-11-19 11:41:38 -0700


Started GET "/assets/address.js?body=1" for 127.0.0.1 at 2014-11-19 11:41:38 -0700


Started GET "/assets/application.js?body=1" for 127.0.0.1 at 2014-11-19 11:41:38 -0700


Started GET "/addresses" for 127.0.0.1 at 2014-11-19 11:41:49 -0700
Processing by AddressesController#index as HTML
  [1m[36mAddress Load (10.5ms)[0m  [1mSELECT "addresses".* FROM "addresses"[0m
  Rendered addresses/index.html.erb within layouts/application (12.3ms)
  Rendered layouts/_notices.html.erb (0.1ms)
Completed 200 OK in 60ms (Views: 46.9ms | ActiveRecord: 10.5ms)


Started GET "/addresses/new" for 127.0.0.1 at 2014-11-19 11:42:39 -0700
Processing by AddressesController#new as HTML
  Rendered addresses/_form.html.erb (52.2ms)
  Rendered addresses/new.html.erb within layouts/application (72.1ms)
Completed 500 Internal Server Error in 78ms

ActionView::Template::Error (No route matches {:action=>"show", :controller=>"addresses"} missing required keys: [:id]):
    2: 
    3: <%= render "form" %>
    4: 
    5: <%= link_to "Back", address_path %>
  app/views/addresses/new.html.erb:5:in `_app_views_addresses_new_html_erb__2168355665492129181_70288797023640'


  Rendered /Users/adamsmith/.rvm/gems/ruby-2.1.2/gems/actionpack-4.1.7/lib/action_dispatch/middleware/templates/rescues/_trace.html.erb (1.4ms)
  Rendered /Users/adamsmith/.rvm/gems/ruby-2.1.2/gems/actionpack-4.1.7/lib/action_dispatch/middleware/templates/rescues/_request_and_response.html.erb (1.4ms)
  Rendered /Users/adamsmith/.rvm/gems/ruby-2.1.2/gems/actionpack-4.1.7/lib/action_dispatch/middleware/templates/rescues/template_error.html.erb within rescues/layout (21.0ms)


Started GET "/addresses/new" for 127.0.0.1 at 2014-11-19 11:42:39 -0700
Processing by AddressesController#new as HTML
  Rendered addresses/_form.html.erb (3.6ms)
  Rendered addresses/new.html.erb within layouts/application (5.4ms)
Completed 500 Internal Server Error in 7ms

ActionView::Template::Error (No route matches {:action=>"show", :controller=>"addresses"} missing required keys: [:id]):
    2: 
    3: <%= render "form" %>
    4: 
    5: <%= link_to "Back", address_path %>
  app/views/addresses/new.html.erb:5:in `_app_views_addresses_new_html_erb__2168355665492129181_70288790077220'


  Rendered /Users/adamsmith/.rvm/gems/ruby-2.1.2/gems/actionpack-4.1.7/lib/action_dispatch/middleware/templates/rescues/_trace.html.erb (1.2ms)
  Rendered /Users/adamsmith/.rvm/gems/ruby-2.1.2/gems/actionpack-4.1.7/lib/action_dispatch/middleware/templates/rescues/_request_and_response.html.erb (0.9ms)
  Rendered /Users/adamsmith/.rvm/gems/ruby-2.1.2/gems/actionpack-4.1.7/lib/action_dispatch/middleware/templates/rescues/template_error.html.erb within rescues/layout (9.5ms)


Started GET "/addresses/new" for 127.0.0.1 at 2014-11-19 11:43:28 -0700
Processing by AddressesController#new as HTML
  Rendered addresses/_form.html.erb (3.1ms)
  Rendered addresses/new.html.erb within layouts/application (4.3ms)
  Rendered layouts/_notices.html.erb (0.1ms)
Completed 200 OK in 64ms (Views: 63.1ms | ActiveRecord: 0.0ms)


Started GET "/assets/address.css?body=1" for 127.0.0.1 at 2014-11-19 11:43:28 -0700


Started GET "/assets/application.css?body=1" for 127.0.0.1 at 2014-11-19 11:43:28 -0700


Started GET "/assets/jquery.js?body=1" for 127.0.0.1 at 2014-11-19 11:43:28 -0700


Started GET "/assets/jquery_ujs.js?body=1" for 127.0.0.1 at 2014-11-19 11:43:28 -0700


Started GET "/assets/turbolinks.js?body=1" for 127.0.0.1 at 2014-11-19 11:43:28 -0700


Started GET "/assets/address.js?body=1" for 127.0.0.1 at 2014-11-19 11:43:28 -0700


Started GET "/assets/application.js?body=1" for 127.0.0.1 at 2014-11-19 11:43:28 -0700


Started POST "/addresses" for 127.0.0.1 at 2014-11-19 11:43:53 -0700
Processing by AddressesController#create as HTML
  Parameters: {"utf8"=>"✓", "authenticity_token"=>"aCBYhYkDpauYCy0kcglU1gvp44vzEVaH9bgPJG2TxHo=", "address"=>{"street_name"=>"blah", "street_number"=>"900", "city"=>"City", "state"=>"State", "zip_code"=>"90210"}, "commit"=>"Create Address"}
  [1m[35m (0.2ms)[0m  BEGIN
  [1m[36mSQL (0.7ms)[0m  [1mINSERT INTO "addresses" ("city", "created_at", "state", "street_name", "street_number", "updated_at", "zip_code") VALUES ($1, $2, $3, $4, $5, $6, $7) RETURNING "id"[0m  [["city", "City"], ["created_at", "2014-11-19 18:43:53.289001"], ["state", "State"], ["street_name", "blah"], ["street_number", "900"], ["updated_at", "2014-11-19 18:43:53.289001"], ["zip_code", "90210"]]
  [1m[35m (0.4ms)[0m  COMMIT
Redirected to http://0.0.0.0:8080/addresses/1
Completed 302 Found in 8ms (ActiveRecord: 1.5ms)


Started GET "/addresses/1" for 127.0.0.1 at 2014-11-19 11:43:53 -0700
Processing by AddressesController#show as HTML
  Parameters: {"id"=>"1"}
  [1m[36mAddress Load (0.3ms)[0m  [1mSELECT  "addresses".* FROM "addresses"  WHERE "addresses"."id" = $1 LIMIT 1[0m  [["id", 1]]
  Rendered addresses/show.html.erb within layouts/application (0.8ms)
  Rendered layouts/_notices.html.erb (0.1ms)
Completed 200 OK in 35ms (Views: 32.6ms | ActiveRecord: 0.3ms)


Started GET "/assets/address.css?body=1" for 127.0.0.1 at 2014-11-19 11:43:53 -0700


Started GET "/assets/application.css?body=1" for 127.0.0.1 at 2014-11-19 11:43:53 -0700


Started GET "/assets/jquery.js?body=1" for 127.0.0.1 at 2014-11-19 11:43:53 -0700


Started GET "/assets/jquery_ujs.js?body=1" for 127.0.0.1 at 2014-11-19 11:43:53 -0700


Started GET "/assets/turbolinks.js?body=1" for 127.0.0.1 at 2014-11-19 11:43:53 -0700


Started GET "/assets/address.js?body=1" for 127.0.0.1 at 2014-11-19 11:43:53 -0700


Started GET "/assets/application.js?body=1" for 127.0.0.1 at 2014-11-19 11:43:53 -0700


Started GET "/addresses" for 127.0.0.1 at 2014-11-19 11:43:57 -0700
Processing by AddressesController#index as HTML
  [1m[35mAddress Load (0.3ms)[0m  SELECT "addresses".* FROM "addresses"
  Rendered addresses/index.html.erb within layouts/application (2.2ms)
  Rendered layouts/_notices.html.erb (0.5ms)
Completed 200 OK in 35ms (Views: 34.5ms | ActiveRecord: 0.3ms)
